# JRE version: OpenJDK Runtime Environment (21.0.2+13) (build 21.0.2+13-58)
# Java VM: OpenJDK 64-Bit Server VM (21.0.2+13-58, mixed mode, emulated-client, sharing, tiered, compressed oops, compressed class ptrs, g1 gc, windows-amd64)
GC Precious Log:
 CardTable entry size: 512
 Card Set container configuration: InlinePtr #cards 4 size 8 Array Of Cards #cards 32 size 80 Howl #buckets 8 coarsen threshold 7372 Howl Bitmap #cards 1024 size 144 coarsen threshold 921 Card regions per heap region 1 cards per card region 8192
 CPUs: 16 total, 16 available
 Memory: 32700M
 Large Page Support: Disabled
 NUMA Support: Disabled
 Compressed Oops: Enabled (Zero based)
 Heap Region Size: 4M
 Heap Min Capacity: 8M
 Heap Initial Capacity: 512M
 Heap Max Capacity: 8176M
 Pre-touch: Disabled
 Parallel Workers: 13
 Concurrent Workers: 3
 Concurrent Refinement Workers: 13
 Periodic GC: Disabled
Heap:
 garbage-first heap   total 57344K, used 41205K [0x0000000601000000, 0x0000000800000000)
  region size 4096K, 7 young (28672K), 1 survivors (4096K)
 Metaspace       used 30368K, committed 30912K, reserved 1114112K
  class space    used 4190K, committed 4416K, reserved 1048576K
GC Heap History (15 events):
Event: 0.551 GC heap before
{Heap before GC invocations=0 (full 0):
 garbage-first heap   total 524288K, used 24576K [0x0000000601000000, 0x0000000800000000)
  region size 4096K, 6 young (24576K), 0 survivors (0K)
 Metaspace       used 6810K, committed 7040K, reserved 1114112K
  class space    used 815K, committed 896K, reserved 1048576K
}
Event: 0.556 GC heap after
{Heap after GC invocations=1 (full 0):
 garbage-first heap   total 524288K, used 7140K [0x0000000601000000, 0x0000000800000000)
  region size 4096K, 1 young (4096K), 1 survivors (4096K)
 Metaspace       used 6810K, committed 7040K, reserved 1114112K
  class space    used 815K, committed 896K, reserved 1048576K
}
Event: 0.915 GC heap before
{Heap before GC invocations=1 (full 0):
 garbage-first heap   total 524288K, used 27620K [0x0000000601000000, 0x0000000800000000)
  region size 4096K, 6 young (24576K), 1 survivors (4096K)
 Metaspace       used 10947K, committed 11200K, reserved 1114112K
  class space    used 1444K, committed 1536K, reserved 1048576K
}
Event: 0.918 GC heap after
{Heap after GC invocations=2 (full 0):
 garbage-first heap   total 524288K, used 8833K [0x0000000601000000, 0x0000000800000000)
  region size 4096K, 1 young (4096K), 1 survivors (4096K)
 Metaspace       used 10947K, committed 11200K, reserved 1114112K
  class space    used 1444K, committed 1536K, reserved 1048576K
}
Event: 1.100 GC heap before
{Heap before GC invocations=2 (full 0):
 garbage-first heap   total 524288K, used 25217K [0x0000000601000000, 0x0000000800000000)
  region size 4096K, 7 young (28672K), 1 survivors (4096K)
 Metaspace       used 15598K, committed 15936K, reserved 1114112K
  class space    used 2061K, committed 2176K, reserved 1048576K
}
Event: 1.102 GC heap after
{Heap after GC invocations=3 (full 0):
 garbage-first heap   total 524288K, used 10398K [0x0000000601000000, 0x0000000800000000)
  region size 4096K, 1 young (4096K), 1 survivors (4096K)
 Metaspace       used 15598K, committed 15936K, reserved 1114112K
  class space    used 2061K, committed 2176K, reserved 1048576K
}
Event: 1.321 GC heap before
{Heap before GC invocations=4 (full 0):
 garbage-first heap   total 57344K, used 39070K [0x0000000601000000, 0x0000000800000000)
  region size 4096K, 8 young (32768K), 1 survivors (4096K)
 Metaspace       used 20370K, committed 20736K, reserved 1114112K
  class space    used 2739K, committed 2880K, reserved 1048576K
}
Event: 1.324 GC heap after
{Heap after GC invocations=5 (full 0):
 garbage-first heap   total 57344K, used 12883K [0x0000000601000000, 0x0000000800000000)
  region size 4096K, 1 young (4096K), 1 survivors (4096K)
 Metaspace       used 20370K, committed 20736K, reserved 1114112K
  class space    used 2739K, committed 2880K, reserved 1048576K
}
Event: 1.644 GC heap before
{Heap before GC invocations=5 (full 0):
 garbage-first heap   total 57344K, used 33363K [0x0000000601000000, 0x0000000800000000)
  region size 4096K, 7 young (28672K), 1 survivors (4096K)
 Metaspace       used 22504K, committed 22912K, reserved 1114112K
  class space    used 3038K, committed 3200K, reserved 1048576K
}
Event: 1.648 GC heap after
{Heap after GC invocations=6 (full 0):
 garbage-first heap   total 57344K, used 14536K [0x0000000601000000, 0x0000000800000000)
  region size 4096K, 1 young (4096K), 1 survivors (4096K)
 Metaspace       used 22504K, committed 22912K, reserved 1114112K
  class space    used 3038K, committed 3200K, reserved 1048576K
}
Event: 1.956 GC heap before
{Heap before GC invocations=6 (full 0):
 garbage-first heap   total 57344K, used 35016K [0x0000000601000000, 0x0000000800000000)
  region size 4096K, 6 young (24576K), 1 survivors (4096K)
 Metaspace       used 25256K, committed 25792K, reserved 1114112K
  class space    used 3458K, committed 3712K, reserved 1048576K
}
Event: 1.959 GC heap after
{Heap after GC invocations=7 (full 0):
 garbage-first heap   total 57344K, used 15709K [0x0000000601000000, 0x0000000800000000)
  region size 4096K, 1 young (4096K), 1 survivors (4096K)
 Metaspace       used 25256K, committed 25792K, reserved 1114112K
  class space    used 3458K, committed 3712K, reserved 1048576K
}
Event: 2.089 GC heap before
{Heap before GC invocations=7 (full 0):
 garbage-first heap   total 57344K, used 23901K [0x0000000601000000, 0x0000000800000000)
  region size 4096K, 4 young (16384K), 1 survivors (4096K)
 Metaspace       used 26367K, committed 26880K, reserved 1114112K
  class space    used 3622K, committed 3840K, reserved 1048576K
}
Event: 2.095 GC heap after
{Heap after GC invocations=8 (full 0):
 garbage-first heap   total 57344K, used 16629K [0x0000000601000000, 0x0000000800000000)
  region size 4096K, 1 young (4096K), 1 survivors (4096K)
 Metaspace       used 26367K, committed 26880K, reserved 1114112K
  class space    used 3622K, committed 3840K, reserved 1048576K
}
Event: 2.471 GC heap before
{Heap before GC invocations=9 (full 0):
 garbage-first heap   total 57344K, used 41205K [0x0000000601000000, 0x0000000800000000)
  region size 4096K, 7 young (28672K), 1 survivors (4096K)
 Metaspace       used 30368K, committed 30912K, reserved 1114112K
  class space    used 4190K, committed 4416K, reserved 1048576K
}

